-----------------------------------------------------------------------------------------------------------------------
[TIMESTAMP]: 
-----------------------------------------------------------------------------------------------------------------------
[TIMESTAMP]: 
-----------------------------------------------------------------------------------------------------------------------
[TIMESTAMP]: 
Creating new Task List file: '.\Task-TrackingPs-tasks.csv'
-----------------------------------------------------------------------------------------------------------------------
[TIMESTAMP]: 
Adding New Task to file: 'something' '.\Task-TrackingPs-tasks.csv'
-----------------------------------------------------------------------------------------------------------------------
[TIMESTAMP]: 
Adding New Task to file: 'slkd' '.\Task-TrackingPs-tasks.csv'
-----------------------------------------------------------------------------------------------------------------------
[TIMESTAMP]: 
Adding New Task to file: 'blah' '.\Task-TrackingPs-tasks.csv'
-----------------------------------------------------------------------------------------------------------------------
[TIMESTAMP]: 
Adding New Task to file: '2' '.\Task-TrackingPs-tasks.csv'
-----------------------------------------------------------------------------------------------------------------------
[TIMESTAMP]: 
Adding New Task to file: 'n' '.\Task-TrackingPs-tasks.csv'
-----------------------------------------------------------------------------------------------------------------------
[TIMESTAMP]: 
-----------------------------------------------------------------------------------------------------------------------
[TIMESTAMP]: 
Adding New Task to file: 'b' '.\Task-TrackingPs-tasks.csv'
-----------------------------------------------------------------------------------------------------------------------
[TIMESTAMP]: 
Adding New Task to file: 's' '.\Task-TrackingPs-tasks.csv'
-----------------------------------------------------------------------------------------------------------------------
[TIMESTAMP]: 
Adding New Task to file: 'pu' '.\Task-TrackingPs-tasks.csv'
-----------------------------------------------------------------------------------------------------------------------
[TIMESTAMP]: 
Adding New Task to file: 'psp' '.\Task-TrackingPs-tasks.csv'
-----------------------------------------------------------------------------------------------------------------------
[TIMESTAMP]: 
Adding New Task to file: 's' '.\Task-TrackingPs-tasks.csv'
-----------------------------------------------------------------------------------------------------------------------
[TIMESTAMP]: 
Adding New Task to file: 'lkj' '.\Task-TrackingPs-tasks.csv'
-----------------------------------------------------------------------------------------------------------------------
[TIMESTAMP]: 
Adding New Task to file: 'lk' '.\Task-TrackingPs-tasks.csv'
-----------------------------------------------------------------------------------------------------------------------
[TIMESTAMP]: 
Adding New Task to file: 'pu' '.\Task-TrackingPs-tasks.csv'
-----------------------------------------------------------------------------------------------------------------------
[TIMESTAMP]: 
Adding New Task to file: 'pu' '.\Task-TrackingPs-tasks.csv'
